<?xml version="1.0" encoding="UTF-8" ?>
<testsuite tests="3" failures="0" name="com.is.vendingmachine.dao.ItemDAOFileImplTest" time="0.085" errors="0" skipped="0">
  <properties>
[...]
</properties>
  <testcase classname="com.is.vendingmachine.dao.ItemDAOFileImplTest" name="com.is.vendingmachine.dao.ItemDAOFileImplTest.testGetItem" time="0.085"/>
  <testcase classname="com.is.vendingmachine.dao.ItemDAOFileImplTest" name="com.is.vendingmachine.dao.ItemDAOFileImplTest.testGetAllItems" time="0"/>
  <testcase classname="com.is.vendingmachine.dao.ItemDAOFileImplTest" name="com.is.vendingmachine.dao.ItemDAOFileImplTest.testUpdate" time="0"/>
</testsuite>